<?xml version="1.0" encoding="UTF-8"?>
<!-- Generated by org.testng.reporters.JUnitReportReporter -->
<testsuite hostname="MSI" failures="0" tests="1" name="testcases.TestButtons" time="10.473" errors="0" timestamp="2023-08-22T20:35:25 IST" skipped="0">
  <testcase classname="testcases.TestButtons" name="testButton" time="10.473"/>
</testsuite> <!-- testcases.TestButtons -->
