<?xml version="1.0" encoding="UTF-8"?>
<!-- Generated by org.testng.reporters.JUnitReportReporter -->
<testsuite hostname="MSI" failures="0" tests="1" name="testcases.HandleName" time="5.908" errors="0" timestamp="2023-08-25T13:26:13 IST" skipped="0">
  <testcase classname="testcases.HandleName" name="nameTest" time="5.908"/>
</testsuite> <!-- testcases.HandleName -->
