<?xml version="1.0" encoding="UTF-8"?>
<!-- Generated by org.testng.reporters.JUnitReportReporter -->
<testsuite hostname="MSI" failures="0" tests="1" name="testcases.TestButtons" time="7.469" errors="0" timestamp="2023-08-25T13:26:13 IST" skipped="0">
  <testcase classname="testcases.TestButtons" name="testButton" time="7.469"/>
</testsuite> <!-- testcases.TestButtons -->
